<?xml version="1.0" encoding="UTF-8"?>
<!-- Generated by org.testng.reporters.JUnitReportReporter -->
<testsuite skipped="0" hostname="Shashanks-MacBook-Pro.local" name="com.nsdc.componentTest.UserRegistrationValidationsSC_01" tests="1" failures="0" timestamp="08 Jun 2018 12:43:44 GMT" time="14.434" errors="0">
  <testcase name="userRegistrationValidationsTC_01" time="14.434" classname="com.nsdc.componentTest.UserRegistrationValidationsSC_01"/>
</testsuite> <!-- com.nsdc.componentTest.UserRegistrationValidationsSC_01 -->
