<?xml version="1.0" encoding="UTF-8"?>
<!-- Generated by org.testng.reporters.JUnitReportReporter -->
<testsuite skipped="0" hostname="Shashanks-MacBook-Pro.local" name="com.nsdc.componentTest.UserRegistrationValidationsSC_01" tests="1" failures="0" timestamp="16 Jun 2018 13:25:38 GMT" time="32.351" errors="0">
  <testcase name="userRegistrationValidationsTC_01" time="32.351" classname="com.nsdc.componentTest.UserRegistrationValidationsSC_01"/>
</testsuite> <!-- com.nsdc.componentTest.UserRegistrationValidationsSC_01 -->
