<?xml version="1.0" encoding="UTF-8"?>
<!-- Generated by org.testng.reporters.JUnitReportReporter -->
<testsuite skipped="0" hostname="Shashanks-MacBook-Pro.local" name="com.nsdc.regressionTest.RegisterAndLoginTestSC_01" tests="2" failures="0" timestamp="12 Jun 2018 13:25:09 GMT" time="26.779" errors="0">
  <testcase name="verifyLoginSuccessTC_02" time="13.151" classname="com.nsdc.regressionTest.RegisterAndLoginTestSC_01"/>
  <testcase name="verifyLoginSuccessTC_02" time="13.628" classname="com.nsdc.regressionTest.RegisterAndLoginTestSC_01"/>
</testsuite> <!-- com.nsdc.regressionTest.RegisterAndLoginTestSC_01 -->
