<?xml version="1.0" encoding="UTF-8"?>
<!-- Generated by org.testng.reporters.JUnitReportReporter -->
<testsuite skipped="0" hostname="Shashanks-MacBook-Pro.local" name="com.nsdc.regressionTest.RegisterAndLoginTestSC_01" tests="1" failures="0" timestamp="12 Jun 2018 05:32:29 GMT" time="14.785" errors="0">
  <testcase name="userRegistrationTC_01" time="14.785" classname="com.nsdc.regressionTest.RegisterAndLoginTestSC_01"/>
</testsuite> <!-- com.nsdc.regressionTest.RegisterAndLoginTestSC_01 -->
