<?xml version="1.0" encoding="UTF-8"?>
<!-- Generated by org.testng.reporters.JUnitReportReporter -->
<testsuite skipped="0" hostname="Shashanks-MacBook-Pro.local" name="com.nsdc.regressionTest.TrainingPartnerProfileSC_02" tests="1" failures="0" timestamp="12 Jun 2018 06:38:08 GMT" time="54.660" errors="0">
  <testcase name="governmentTpRegistrationTC_01" time="54.660" classname="com.nsdc.regressionTest.TrainingPartnerProfileSC_02"/>
</testsuite> <!-- com.nsdc.regressionTest.TrainingPartnerProfileSC_02 -->
