<?xml version="1.0" encoding="UTF-8"?>
<!-- Generated by org.testng.reporters.JUnitReportReporter -->
<testsuite skipped="0" hostname="Shashanks-MacBook-Pro.local" name="com.nsdc.regressionTest.TrainerWorkflowTestSC_03" tests="1" failures="0" timestamp="18 Jun 2018 07:40:56 GMT" time="189.143" errors="0">
  <testcase name="trainerRegistrationTC_01" time="189.143" classname="com.nsdc.regressionTest.TrainerWorkflowTestSC_03"/>
</testsuite> <!-- com.nsdc.regressionTest.TrainerWorkflowTestSC_03 -->
