<?xml version="1.0" encoding="UTF-8"?>
<!-- Generated by org.testng.reporters.JUnitReportReporter -->
<testsuite skipped="0" hostname="Shashanks-MacBook-Pro.local" name="com.nsdc.regressionTest.TrainingPartnerWorkflowTestSC_02" tests="1" failures="0" timestamp="18 Jun 2018 11:01:06 GMT" time="72.287" errors="0">
  <testcase name="tpRegistrationsTC_01" time="72.287" classname="com.nsdc.regressionTest.TrainingPartnerWorkflowTestSC_02"/>
</testsuite> <!-- com.nsdc.regressionTest.TrainingPartnerWorkflowTestSC_02 -->
