<?xml version="1.0" encoding="UTF-8"?>
<testsuite xmlns:xsi="http://www.w3.org/2001/XMLSchema-instance" xsi:noNamespaceSchemaLocation="https://maven.apache.org/surefire/maven-surefire-plugin/xsd/surefire-test-report.xsd" name="TestSuite" time="210.531" tests="9" errors="0" skipped="0" failures="3">
  <properties>
    <property name="gopherProxySet" value="false"/>
    <property name="awt.toolkit" value="sun.lwawt.macosx.LWCToolkit"/>
    <property name="file.encoding.pkg" value="sun.io"/>
    <property name="java.specification.version" value="1.8"/>
    <property name="sun.cpu.isalist" value=""/>
    <property name="sun.jnu.encoding" value="UTF-8"/>
    <property name="java.class.path" value="/Users/shashankjha/Documents/Repository/NSDC_Web AutomationTest/nsdcregressiontesting/NSDC_Web_Automation/target/test-classes:/Users/shashankjha/Documents/Repository/NSDC_Web AutomationTest/nsdcregressiontesting/NSDC_Web_Automation/target/classes:/Users/shashankjha/.m2/repository/org/seleniumhq/selenium/selenium-server/3.11.0/selenium-server-3.11.0.jar:/Users/shashankjha/.m2/repository/org/seleniumhq/selenium/selenium-java/3.11.0/selenium-java-3.11.0.jar:/Users/shashankjha/.m2/repository/org/seleniumhq/selenium/selenium-api/3.11.0/selenium-api-3.11.0.jar:/Users/shashankjha/.m2/repository/org/seleniumhq/selenium/selenium-chrome-driver/3.11.0/selenium-chrome-driver-3.11.0.jar:/Users/shashankjha/.m2/repository/org/seleniumhq/selenium/selenium-edge-driver/3.11.0/selenium-edge-driver-3.11.0.jar:/Users/shashankjha/.m2/repository/org/seleniumhq/selenium/selenium-firefox-driver/3.11.0/selenium-firefox-driver-3.11.0.jar:/Users/shashankjha/.m2/repository/org/seleniumhq/selenium/selenium-ie-driver/3.11.0/selenium-ie-driver-3.11.0.jar:/Users/shashankjha/.m2/repository/org/seleniumhq/selenium/selenium-opera-driver/3.11.0/selenium-opera-driver-3.11.0.jar:/Users/shashankjha/.m2/repository/org/seleniumhq/selenium/selenium-remote-driver/3.11.0/selenium-remote-driver-3.11.0.jar:/Users/shashankjha/.m2/repository/org/seleniumhq/selenium/selenium-safari-driver/3.11.0/selenium-safari-driver-3.11.0.jar:/Users/shashankjha/.m2/repository/org/seleniumhq/selenium/selenium-support/3.11.0/selenium-support-3.11.0.jar:/Users/shashankjha/.m2/repository/com/beust/jcommander/1.72/jcommander-1.72.jar:/Users/shashankjha/.m2/repository/net/bytebuddy/byte-buddy/1.7.9/byte-buddy-1.7.9.jar:/Users/shashankjha/.m2/repository/org/apache/commons/commons-exec/1.3/commons-exec-1.3.jar:/Users/shashankjha/.m2/repository/org/apache/commons/commons-lang3/3.7/commons-lang3-3.7.jar:/Users/shashankjha/.m2/repository/org/apache/commons/commons-text/1.1/commons-text-1.1.jar:/Users/shashankjha/.m2/repository/commons-codec/commons-codec/1.10/commons-codec-1.10.jar:/Users/shashankjha/.m2/repository/commons-io/commons-io/2.6/commons-io-2.6.jar:/Users/shashankjha/.m2/repository/commons-logging/commons-logging/1.2/commons-logging-1.2.jar:/Users/shashankjha/.m2/repository/commons-net/commons-net/3.6/commons-net-3.6.jar:/Users/shashankjha/.m2/repository/org/w3c/css/sac/1.3/sac-1.3.jar:/Users/shashankjha/.m2/repository/net/sourceforge/cssparser/cssparser/0.9.24/cssparser-0.9.24.jar:/Users/shashankjha/.m2/repository/com/google/code/gson/gson/2.8.2/gson-2.8.2.jar:/Users/shashankjha/.m2/repository/com/google/guava/guava/23.6-jre/guava-23.6-jre.jar:/Users/shashankjha/.m2/repository/com/google/code/findbugs/jsr305/1.3.9/jsr305-1.3.9.jar:/Users/shashankjha/.m2/repository/org/checkerframework/checker-compat-qual/2.0.0/checker-compat-qual-2.0.0.jar:/Users/shashankjha/.m2/repository/com/google/errorprone/error_prone_annotations/2.1.3/error_prone_annotations-2.1.3.jar:/Users/shashankjha/.m2/repository/com/google/j2objc/j2objc-annotations/1.1/j2objc-annotations-1.1.jar:/Users/shashankjha/.m2/repository/org/codehaus/mojo/animal-sniffer-annotations/1.14/animal-sniffer-annotations-1.14.jar:/Users/shashankjha/.m2/repository/net/sourceforge/htmlunit/htmlunit/2.29/htmlunit-2.29.jar:/Users/shashankjha/.m2/repository/net/sourceforge/htmlunit/htmlunit-core-js/2.28/htmlunit-core-js-2.28.jar:/Users/shashankjha/.m2/repository/net/sourceforge/htmlunit/neko-htmlunit/2.28/neko-htmlunit-2.28.jar:/Users/shashankjha/.m2/repository/org/apache/httpcomponents/httpclient/4.5.3/httpclient-4.5.3.jar:/Users/shashankjha/.m2/repository/org/apache/httpcomponents/httpcore/4.4.6/httpcore-4.4.6.jar:/Users/shashankjha/.m2/repository/org/apache/httpcomponents/httpmime/4.5.3/httpmime-4.5.3.jar:/Users/shashankjha/.m2/repository/net/jcip/jcip-annotations/1.0/jcip-annotations-1.0.jar:/Users/shashankjha/.m2/repository/org/seleniumhq/selenium/jetty-repacked/9.4.7.v20171121/jetty-repacked-9.4.7.v20171121.jar:/Users/shashankjha/.m2/repository/org/eclipse/jetty/jetty-client/9.4.7.v20170914/jetty-client-9.4.7.v20170914.jar:/Users/shashankjha/.m2/repository/org/eclipse/jetty/jetty-http/9.4.8.v20171121/jetty-http-9.4.8.v20171121.jar:/Users/shashankjha/.m2/repository/org/eclipse/jetty/jetty-io/9.4.8.v20171121/jetty-io-9.4.8.v20171121.jar:/Users/shashankjha/.m2/repository/org/eclipse/jetty/jetty-util/9.4.8.v20171121/jetty-util-9.4.8.v20171121.jar:/Users/shashankjha/.m2/repository/org/eclipse/jetty/jetty-xml/9.4.7.v20170914/jetty-xml-9.4.7.v20170914.jar:/Users/shashankjha/.m2/repository/com/squareup/okhttp3/okhttp/3.9.1/okhttp-3.9.1.jar:/Users/shashankjha/.m2/repository/com/squareup/okio/okio/1.13.0/okio-1.13.0.jar:/Users/shashankjha/.m2/repository/org/seleniumhq/selenium/htmlunit-driver/2.29.0/htmlunit-driver-2.29.0.jar:/Users/shashankjha/.m2/repository/javax/servlet/javax.servlet-api/3.1.0/javax.servlet-api-3.1.0.jar:/Users/shashankjha/.m2/repository/org/eclipse/jetty/websocket/websocket-api/9.4.7.v20170914/websocket-api-9.4.7.v20170914.jar:/Users/shashankjha/.m2/repository/org/eclipse/jetty/websocket/websocket-client/9.4.7.v20170914/websocket-client-9.4.7.v20170914.jar:/Users/shashankjha/.m2/repository/org/eclipse/jetty/websocket/websocket-common/9.4.7.v20170914/websocket-common-9.4.7.v20170914.jar:/Users/shashankjha/.m2/repository/xalan/serializer/2.7.2/serializer-2.7.2.jar:/Users/shashankjha/.m2/repository/xalan/xalan/2.7.2/xalan-2.7.2.jar:/Users/shashankjha/.m2/repository/xerces/xercesImpl/2.11.0/xercesImpl-2.11.0.jar:/Users/shashankjha/.m2/repository/xml-apis/xml-apis/1.4.01/xml-apis-1.4.01.jar:/Users/shashankjha/.m2/repository/org/yaml/snakeyaml/1.19/snakeyaml-1.19.jar:/Users/shashankjha/.m2/repository/org/testng/testng/6.14.3/testng-6.14.3.jar:/Users/shashankjha/.m2/repository/org/apache-extras/beanshell/bsh/2.0b6/bsh-2.0b6.jar:/Users/shashankjha/.m2/repository/org/apache/poi/poi/3.17/poi-3.17.jar:/Users/shashankjha/.m2/repository/org/apache/commons/commons-collections4/4.1/commons-collections4-4.1.jar:/Users/shashankjha/.m2/repository/org/apache/poi/poi-ooxml/3.17/poi-ooxml-3.17.jar:/Users/shashankjha/.m2/repository/org/apache/poi/poi-ooxml-schemas/3.17/poi-ooxml-schemas-3.17.jar:/Users/shashankjha/.m2/repository/org/apache/xmlbeans/xmlbeans/2.6.0/xmlbeans-2.6.0.jar:/Users/shashankjha/.m2/repository/stax/stax-api/1.0.1/stax-api-1.0.1.jar:/Users/shashankjha/.m2/repository/com/github/virtuald/curvesapi/1.04/curvesapi-1.04.jar:/Users/shashankjha/.m2/repository/net/sourceforge/jexcelapi/jxl/2.6.12/jxl-2.6.12.jar:/Users/shashankjha/.m2/repository/log4j/log4j/1.2.14/log4j-1.2.14.jar:/Users/shashankjha/.m2/repository/org/mongodb/mongo-java-driver/3.7.1/mongo-java-driver-3.7.1.jar:/Users/shashankjha/.m2/repository/org/apache/maven/surefire/surefire-testng-utils/2.21.0/surefire-testng-utils-2.21.0.jar:/Users/shashankjha/.m2/repository/org/apache/maven/surefire/surefire-grouper/2.21.0/surefire-grouper-2.21.0.jar:"/>
    <property name="java.vm.vendor" value="Oracle Corporation"/>
    <property name="sun.arch.data.model" value="64"/>
    <property name="java.vendor.url" value="http://java.oracle.com/"/>
    <property name="user.timezone" value=""/>
    <property name="user.country.format" value="IN"/>
    <property name="java.vm.specification.version" value="1.8"/>
    <property name="os.name" value="Mac OS X"/>
    <property name="user.country" value="US"/>
    <property name="sun.java.launcher" value="SUN_STANDARD"/>
    <property name="sun.boot.library.path" value="/Library/Java/JavaVirtualMachines/jdk1.8.0_151.jdk/Contents/Home/jre/lib"/>
    <property name="sun.java.command" value="/Users/shashankjha/Documents/Repository/NSDC_Web AutomationTest/nsdcregressiontesting/NSDC_Web_Automation/target/surefire/surefirebooter7246634806955135821.jar /Users/shashankjha/Documents/Repository/NSDC_Web AutomationTest/nsdcregressiontesting/NSDC_Web_Automation/target/surefire 2018-06-13T14-47-21_544-jvmRun1 surefire1923322869412781772tmp surefire_02634411344404538932tmp"/>
    <property name="http.nonProxyHosts" value="local|*.local|169.254/16|*.169.254/16"/>
    <property name="surefire.test.class.path" value="/Users/shashankjha/Documents/Repository/NSDC_Web AutomationTest/nsdcregressiontesting/NSDC_Web_Automation/target/test-classes:/Users/shashankjha/Documents/Repository/NSDC_Web AutomationTest/nsdcregressiontesting/NSDC_Web_Automation/target/classes:/Users/shashankjha/.m2/repository/org/seleniumhq/selenium/selenium-server/3.11.0/selenium-server-3.11.0.jar:/Users/shashankjha/.m2/repository/org/seleniumhq/selenium/selenium-java/3.11.0/selenium-java-3.11.0.jar:/Users/shashankjha/.m2/repository/org/seleniumhq/selenium/selenium-api/3.11.0/selenium-api-3.11.0.jar:/Users/shashankjha/.m2/repository/org/seleniumhq/selenium/selenium-chrome-driver/3.11.0/selenium-chrome-driver-3.11.0.jar:/Users/shashankjha/.m2/repository/org/seleniumhq/selenium/selenium-edge-driver/3.11.0/selenium-edge-driver-3.11.0.jar:/Users/shashankjha/.m2/repository/org/seleniumhq/selenium/selenium-firefox-driver/3.11.0/selenium-firefox-driver-3.11.0.jar:/Users/shashankjha/.m2/repository/org/seleniumhq/selenium/selenium-ie-driver/3.11.0/selenium-ie-driver-3.11.0.jar:/Users/shashankjha/.m2/repository/org/seleniumhq/selenium/selenium-opera-driver/3.11.0/selenium-opera-driver-3.11.0.jar:/Users/shashankjha/.m2/repository/org/seleniumhq/selenium/selenium-remote-driver/3.11.0/selenium-remote-driver-3.11.0.jar:/Users/shashankjha/.m2/repository/org/seleniumhq/selenium/selenium-safari-driver/3.11.0/selenium-safari-driver-3.11.0.jar:/Users/shashankjha/.m2/repository/org/seleniumhq/selenium/selenium-support/3.11.0/selenium-support-3.11.0.jar:/Users/shashankjha/.m2/repository/com/beust/jcommander/1.72/jcommander-1.72.jar:/Users/shashankjha/.m2/repository/net/bytebuddy/byte-buddy/1.7.9/byte-buddy-1.7.9.jar:/Users/shashankjha/.m2/repository/org/apache/commons/commons-exec/1.3/commons-exec-1.3.jar:/Users/shashankjha/.m2/repository/org/apache/commons/commons-lang3/3.7/commons-lang3-3.7.jar:/Users/shashankjha/.m2/repository/org/apache/commons/commons-text/1.1/commons-text-1.1.jar:/Users/shashankjha/.m2/repository/commons-codec/commons-codec/1.10/commons-codec-1.10.jar:/Users/shashankjha/.m2/repository/commons-io/commons-io/2.6/commons-io-2.6.jar:/Users/shashankjha/.m2/repository/commons-logging/commons-logging/1.2/commons-logging-1.2.jar:/Users/shashankjha/.m2/repository/commons-net/commons-net/3.6/commons-net-3.6.jar:/Users/shashankjha/.m2/repository/org/w3c/css/sac/1.3/sac-1.3.jar:/Users/shashankjha/.m2/repository/net/sourceforge/cssparser/cssparser/0.9.24/cssparser-0.9.24.jar:/Users/shashankjha/.m2/repository/com/google/code/gson/gson/2.8.2/gson-2.8.2.jar:/Users/shashankjha/.m2/repository/com/google/guava/guava/23.6-jre/guava-23.6-jre.jar:/Users/shashankjha/.m2/repository/com/google/code/findbugs/jsr305/1.3.9/jsr305-1.3.9.jar:/Users/shashankjha/.m2/repository/org/checkerframework/checker-compat-qual/2.0.0/checker-compat-qual-2.0.0.jar:/Users/shashankjha/.m2/repository/com/google/errorprone/error_prone_annotations/2.1.3/error_prone_annotations-2.1.3.jar:/Users/shashankjha/.m2/repository/com/google/j2objc/j2objc-annotations/1.1/j2objc-annotations-1.1.jar:/Users/shashankjha/.m2/repository/org/codehaus/mojo/animal-sniffer-annotations/1.14/animal-sniffer-annotations-1.14.jar:/Users/shashankjha/.m2/repository/net/sourceforge/htmlunit/htmlunit/2.29/htmlunit-2.29.jar:/Users/shashankjha/.m2/repository/net/sourceforge/htmlunit/htmlunit-core-js/2.28/htmlunit-core-js-2.28.jar:/Users/shashankjha/.m2/repository/net/sourceforge/htmlunit/neko-htmlunit/2.28/neko-htmlunit-2.28.jar:/Users/shashankjha/.m2/repository/org/apache/httpcomponents/httpclient/4.5.3/httpclient-4.5.3.jar:/Users/shashankjha/.m2/repository/org/apache/httpcomponents/httpcore/4.4.6/httpcore-4.4.6.jar:/Users/shashankjha/.m2/repository/org/apache/httpcomponents/httpmime/4.5.3/httpmime-4.5.3.jar:/Users/shashankjha/.m2/repository/net/jcip/jcip-annotations/1.0/jcip-annotations-1.0.jar:/Users/shashankjha/.m2/repository/org/seleniumhq/selenium/jetty-repacked/9.4.7.v20171121/jetty-repacked-9.4.7.v20171121.jar:/Users/shashankjha/.m2/repository/org/eclipse/jetty/jetty-client/9.4.7.v20170914/jetty-client-9.4.7.v20170914.jar:/Users/shashankjha/.m2/repository/org/eclipse/jetty/jetty-http/9.4.8.v20171121/jetty-http-9.4.8.v20171121.jar:/Users/shashankjha/.m2/repository/org/eclipse/jetty/jetty-io/9.4.8.v20171121/jetty-io-9.4.8.v20171121.jar:/Users/shashankjha/.m2/repository/org/eclipse/jetty/jetty-util/9.4.8.v20171121/jetty-util-9.4.8.v20171121.jar:/Users/shashankjha/.m2/repository/org/eclipse/jetty/jetty-xml/9.4.7.v20170914/jetty-xml-9.4.7.v20170914.jar:/Users/shashankjha/.m2/repository/com/squareup/okhttp3/okhttp/3.9.1/okhttp-3.9.1.jar:/Users/shashankjha/.m2/repository/com/squareup/okio/okio/1.13.0/okio-1.13.0.jar:/Users/shashankjha/.m2/repository/org/seleniumhq/selenium/htmlunit-driver/2.29.0/htmlunit-driver-2.29.0.jar:/Users/shashankjha/.m2/repository/javax/servlet/javax.servlet-api/3.1.0/javax.servlet-api-3.1.0.jar:/Users/shashankjha/.m2/repository/org/eclipse/jetty/websocket/websocket-api/9.4.7.v20170914/websocket-api-9.4.7.v20170914.jar:/Users/shashankjha/.m2/repository/org/eclipse/jetty/websocket/websocket-client/9.4.7.v20170914/websocket-client-9.4.7.v20170914.jar:/Users/shashankjha/.m2/repository/org/eclipse/jetty/websocket/websocket-common/9.4.7.v20170914/websocket-common-9.4.7.v20170914.jar:/Users/shashankjha/.m2/repository/xalan/serializer/2.7.2/serializer-2.7.2.jar:/Users/shashankjha/.m2/repository/xalan/xalan/2.7.2/xalan-2.7.2.jar:/Users/shashankjha/.m2/repository/xerces/xercesImpl/2.11.0/xercesImpl-2.11.0.jar:/Users/shashankjha/.m2/repository/xml-apis/xml-apis/1.4.01/xml-apis-1.4.01.jar:/Users/shashankjha/.m2/repository/org/yaml/snakeyaml/1.19/snakeyaml-1.19.jar:/Users/shashankjha/.m2/repository/org/testng/testng/6.14.3/testng-6.14.3.jar:/Users/shashankjha/.m2/repository/org/apache-extras/beanshell/bsh/2.0b6/bsh-2.0b6.jar:/Users/shashankjha/.m2/repository/org/apache/poi/poi/3.17/poi-3.17.jar:/Users/shashankjha/.m2/repository/org/apache/commons/commons-collections4/4.1/commons-collections4-4.1.jar:/Users/shashankjha/.m2/repository/org/apache/poi/poi-ooxml/3.17/poi-ooxml-3.17.jar:/Users/shashankjha/.m2/repository/org/apache/poi/poi-ooxml-schemas/3.17/poi-ooxml-schemas-3.17.jar:/Users/shashankjha/.m2/repository/org/apache/xmlbeans/xmlbeans/2.6.0/xmlbeans-2.6.0.jar:/Users/shashankjha/.m2/repository/stax/stax-api/1.0.1/stax-api-1.0.1.jar:/Users/shashankjha/.m2/repository/com/github/virtuald/curvesapi/1.04/curvesapi-1.04.jar:/Users/shashankjha/.m2/repository/net/sourceforge/jexcelapi/jxl/2.6.12/jxl-2.6.12.jar:/Users/shashankjha/.m2/repository/log4j/log4j/1.2.14/log4j-1.2.14.jar:/Users/shashankjha/.m2/repository/org/mongodb/mongo-java-driver/3.7.1/mongo-java-driver-3.7.1.jar:/Users/shashankjha/.m2/repository/org/apache/maven/surefire/surefire-testng-utils/2.21.0/surefire-testng-utils-2.21.0.jar:/Users/shashankjha/.m2/repository/org/apache/maven/surefire/surefire-grouper/2.21.0/surefire-grouper-2.21.0.jar:"/>
    <property name="sun.cpu.endian" value="little"/>
    <property name="user.home" value="/Users/shashankjha"/>
    <property name="user.language" value="en"/>
    <property name="java.specification.vendor" value="Oracle Corporation"/>
    <property name="java.home" value="/Library/Java/JavaVirtualMachines/jdk1.8.0_151.jdk/Contents/Home/jre"/>
    <property name="basedir" value="/Users/shashankjha/Documents/Repository/NSDC_Web AutomationTest/nsdcregressiontesting/NSDC_Web_Automation"/>
    <property name="file.separator" value="/"/>
    <property name="line.separator" value="&#10;"/>
    <property name="java.vm.specification.vendor" value="Oracle Corporation"/>
    <property name="java.specification.name" value="Java Platform API Specification"/>
    <property name="java.awt.graphicsenv" value="sun.awt.CGraphicsEnvironment"/>
    <property name="surefire.real.class.path" value="/Users/shashankjha/Documents/Repository/NSDC_Web AutomationTest/nsdcregressiontesting/NSDC_Web_Automation/target/surefire/surefirebooter7246634806955135821.jar"/>
    <property name="sun.boot.class.path" value="/Library/Java/JavaVirtualMachines/jdk1.8.0_151.jdk/Contents/Home/jre/lib/resources.jar:/Library/Java/JavaVirtualMachines/jdk1.8.0_151.jdk/Contents/Home/jre/lib/rt.jar:/Library/Java/JavaVirtualMachines/jdk1.8.0_151.jdk/Contents/Home/jre/lib/sunrsasign.jar:/Library/Java/JavaVirtualMachines/jdk1.8.0_151.jdk/Contents/Home/jre/lib/jsse.jar:/Library/Java/JavaVirtualMachines/jdk1.8.0_151.jdk/Contents/Home/jre/lib/jce.jar:/Library/Java/JavaVirtualMachines/jdk1.8.0_151.jdk/Contents/Home/jre/lib/charsets.jar:/Library/Java/JavaVirtualMachines/jdk1.8.0_151.jdk/Contents/Home/jre/lib/jfr.jar:/Library/Java/JavaVirtualMachines/jdk1.8.0_151.jdk/Contents/Home/jre/classes"/>
    <property name="sun.management.compiler" value="HotSpot 64-Bit Tiered Compilers"/>
    <property name="ftp.nonProxyHosts" value="local|*.local|169.254/16|*.169.254/16"/>
    <property name="java.runtime.version" value="1.8.0_151-b12"/>
    <property name="user.name" value="shashankjha"/>
    <property name="path.separator" value=":"/>
    <property name="os.version" value="10.13.5"/>
    <property name="java.endorsed.dirs" value="/Library/Java/JavaVirtualMachines/jdk1.8.0_151.jdk/Contents/Home/jre/lib/endorsed"/>
    <property name="java.runtime.name" value="Java(TM) SE Runtime Environment"/>
    <property name="file.encoding" value="UTF-8"/>
    <property name="java.vm.name" value="Java HotSpot(TM) 64-Bit Server VM"/>
    <property name="localRepository" value="/Users/shashankjha/.m2/repository"/>
    <property name="java.vendor.url.bug" value="http://bugreport.sun.com/bugreport/"/>
    <property name="java.io.tmpdir" value="/var/folders/9t/jp1lycb932sbxglddf8qvbg80000gn/T/"/>
    <property name="java.version" value="1.8.0_151"/>
    <property name="user.dir" value="/Users/shashankjha/Documents/Repository/NSDC_Web AutomationTest/nsdcregressiontesting/NSDC_Web_Automation"/>
    <property name="os.arch" value="x86_64"/>
    <property name="java.vm.specification.name" value="Java Virtual Machine Specification"/>
    <property name="java.awt.printerjob" value="sun.lwawt.macosx.CPrinterJob"/>
    <property name="sun.os.patch.level" value="unknown"/>
    <property name="java.library.path" value="/Users/shashankjha/Library/Java/Extensions:/Library/Java/Extensions:/Network/Library/Java/Extensions:/System/Library/Java/Extensions:/usr/lib/java:."/>
    <property name="java.vm.info" value="mixed mode"/>
    <property name="java.vendor" value="Oracle Corporation"/>
    <property name="java.vm.version" value="25.151-b12"/>
    <property name="java.ext.dirs" value="/Users/shashankjha/Library/Java/Extensions:/Library/Java/JavaVirtualMachines/jdk1.8.0_151.jdk/Contents/Home/jre/lib/ext:/Library/Java/Extensions:/Network/Library/Java/Extensions:/System/Library/Java/Extensions:/usr/lib/java"/>
    <property name="sun.io.unicode.encoding" value="UnicodeBig"/>
    <property name="java.class.version" value="52.0"/>
    <property name="socksNonProxyHosts" value="local|*.local|169.254/16|*.169.254/16"/>
  </properties>
  <testcase name="LoginFailWithoutEnteringCredentialsTC_04" classname="com.nsdc.regressionTest.RegisterAndLoginTestSC_01" time="2.618">
    <failure message="Element &lt;button id=&quot;m_login_signin_submit&quot; class=&quot;btn btn-focus m-btn--pill btn-login&quot;&gt; is not clickable at point (350,524.9499969482422) because another element &lt;div class=&quot;blockUI blockOverlay&quot;&gt; obscures it&#10;Build info: version: &apos;3.11.0&apos;, revision: &apos;e59cfb3&apos;, time: &apos;2018-03-11T20:26:55.152Z&apos;&#10;System info: host: &apos;Shashanks-MacBook-Pro.local&apos;, ip: &apos;fe80:0:0:0:830:ecb7:c3d2:6d19%en0&apos;, os.name: &apos;Mac OS X&apos;, os.arch: &apos;x86_64&apos;, os.version: &apos;10.13.5&apos;, java.version: &apos;1.8.0_151&apos;&#10;Driver info: org.openqa.selenium.firefox.FirefoxDriver&#10;Capabilities {acceptInsecureCerts: true, browserName: firefox, browserVersion: 60.0.2, javascriptEnabled: true, moz:accessibilityChecks: false, moz:headless: false, moz:processID: 86939, moz:profile: /var/folders/9t/jp1lycb932s..., moz:useNonSpecCompliantPointerOrigin: false, moz:webdriverClick: true, pageLoadStrategy: normal, platform: MAC, platformName: MAC, platformVersion: 17.6.0, rotatable: false, timeouts: {implicit: 0, pageLoad: 300000, script: 30000}}&#10;Session ID: 6e4676b1-8321-be46-808e-5f99e702689c" type="org.openqa.selenium.ElementClickInterceptedException"><![CDATA[org.openqa.selenium.ElementClickInterceptedException: 
Element <button id="m_login_signin_submit" class="btn btn-focus m-btn--pill btn-login"> is not clickable at point (350,524.9499969482422) because another element <div class="blockUI blockOverlay"> obscures it
Build info: version: '3.11.0', revision: 'e59cfb3', time: '2018-03-11T20:26:55.152Z'
System info: host: 'Shashanks-MacBook-Pro.local', ip: 'fe80:0:0:0:830:ecb7:c3d2:6d19%en0', os.name: 'Mac OS X', os.arch: 'x86_64', os.version: '10.13.5', java.version: '1.8.0_151'
Driver info: org.openqa.selenium.firefox.FirefoxDriver
Capabilities {acceptInsecureCerts: true, browserName: firefox, browserVersion: 60.0.2, javascriptEnabled: true, moz:accessibilityChecks: false, moz:headless: false, moz:processID: 86939, moz:profile: /var/folders/9t/jp1lycb932s..., moz:useNonSpecCompliantPointerOrigin: false, moz:webdriverClick: true, pageLoadStrategy: normal, platform: MAC, platformName: MAC, platformVersion: 17.6.0, rotatable: false, timeouts: {implicit: 0, pageLoad: 300000, script: 30000}}
Session ID: 6e4676b1-8321-be46-808e-5f99e702689c
	at com.nsdc.regressionTest.RegisterAndLoginTestSC_01.LoginFailWithoutEnteringCredentialsTC_04(RegisterAndLoginTestSC_01.java:89)
]]></failure>
    <system-err><![CDATA[1528881444034	geckodriver	INFO	geckodriver 0.20.0
1528881444049	geckodriver	INFO	Listening on 127.0.0.1:27410
1528881444486	mozrunner::runner	INFO	Running command: "/Applications/Firefox.app/Contents/MacOS/firefox-bin" "-marionette" "-profile" "/var/folders/9t/jp1lycb932sbxglddf8qvbg80000gn/T/rust_mozprofile.zP0WmirNEjcx"
2018-06-13 14:47:26.364 plugin-container[86941:244983] *** CFMessagePort: bootstrap_register(): failed 1100 (0x44c) 'Permission denied', port = 0x7e37, name = 'com.apple.tsm.portname'
See /usr/include/servers/bootstrap_defs.h for the error codes.
1528881447009	Marionette	INFO	Listening on port 51923
1528881447151	Marionette	WARN	TLS certificate errors will be ignored for this session
Jun 13, 2018 2:47:27 PM org.openqa.selenium.remote.ProtocolHandshake createSession
INFO: Detected dialect: W3C
2018-06-13 14:47:27.581 plugin-container[86944:245065] *** CFMessagePort: bootstrap_register(): failed 1100 (0x44c) 'Permission denied', port = 0x7907, name = 'com.apple.tsm.portname'
See /usr/include/servers/bootstrap_defs.h for the error codes.
JavaScript warning: http://13.232.9.250/assets/demo/demo5/base/scripts.bundle.js, line 4787: unreachable code after return statement
]]></system-err>
  </testcase>
  <testcase name="userRegistrationTC_01" classname="com.nsdc.regressionTest.RegisterAndLoginTestSC_01" time="11.914"/>
  <testcase name="verifyLoginFailureTC_03" classname="com.nsdc.regressionTest.RegisterAndLoginTestSC_01" time="7.053">
    <failure message="expected [username or password invalid] but found [Invalid UserName or Password]" type="java.lang.AssertionError">java.lang.AssertionError: expected [username or password invalid] but found [Invalid UserName or Password]
	at com.nsdc.regressionTest.RegisterAndLoginTestSC_01.verifyLoginFailureTC_03(RegisterAndLoginTestSC_01.java:79)
</failure>
    <system-err><![CDATA[*** UTM:SVC TimerManager:registerTimer called after profile-before-change notification. Ignoring timer registration for id: telemetry_modules_ping
1528881475404	geckodriver::marionette	ERROR	Failed to stop browser process
1528881475632	geckodriver	INFO	geckodriver 0.20.0
1528881475645	geckodriver	INFO	Listening on 127.0.0.1:22181
1528881475667	mozrunner::runner	INFO	Running command: "/Applications/Firefox.app/Contents/MacOS/firefox-bin" "-marionette" "-profile" "/var/folders/9t/jp1lycb932sbxglddf8qvbg80000gn/T/rust_mozprofile.PD3L58NTGsI3"
2018-06-13 14:47:57.549 plugin-container[86981:246026] *** CFMessagePort: bootstrap_register(): failed 1100 (0x44c) 'Permission denied', port = 0x8307, name = 'com.apple.tsm.portname'
See /usr/include/servers/bootstrap_defs.h for the error codes.
1528881478168	Marionette	INFO	Listening on port 52197
1528881478247	Marionette	WARN	TLS certificate errors will be ignored for this session
Jun 13, 2018 2:47:58 PM org.openqa.selenium.remote.ProtocolHandshake createSession
INFO: Detected dialect: W3C
2018-06-13 14:47:59.128 plugin-container[86984:246265] *** CFMessagePort: bootstrap_register(): failed 1100 (0x44c) 'Permission denied', port = 0x873f, name = 'com.apple.tsm.portname'
See /usr/include/servers/bootstrap_defs.h for the error codes.
JavaScript warning: http://13.232.9.250/assets/demo/demo5/base/scripts.bundle.js, line 4787: unreachable code after return statement
]]></system-err>
  </testcase>
  <testcase name="verifyLoginFailureTC_03" classname="com.nsdc.regressionTest.RegisterAndLoginTestSC_01" time="7.743"/>
  <testcase name="verifyLoginFailureTC_03" classname="com.nsdc.regressionTest.RegisterAndLoginTestSC_01" time="7.145"/>
  <testcase name="verifyLoginSuccessTC_02" classname="com.nsdc.regressionTest.RegisterAndLoginTestSC_01" time="9.677"/>
  <testcase name="verifyLoginSuccessTC_02" classname="com.nsdc.regressionTest.RegisterAndLoginTestSC_01" time="11.227"/>
  <testcase name="governmentTpRegistrationTC_01" classname="com.nsdc.regressionTest.TrainingPartnerProfileSC_02" time="25.249">
    <failure message="Element &lt;select id=&quot;exampleSelect1&quot; class=&quot;form-control m-input ng-untouched ng-pristine ng-invalid&quot; name=&quot;&quot;&gt; is not clickable at point (1073.8583374023438,339.25) because another element &lt;div class=&quot;blockUI blockOverlay&quot;&gt; obscures it&#10;Build info: version: &apos;3.11.0&apos;, revision: &apos;e59cfb3&apos;, time: &apos;2018-03-11T20:26:55.152Z&apos;&#10;System info: host: &apos;Shashanks-MacBook-Pro.local&apos;, ip: &apos;fe80:0:0:0:830:ecb7:c3d2:6d19%en0&apos;, os.name: &apos;Mac OS X&apos;, os.arch: &apos;x86_64&apos;, os.version: &apos;10.13.5&apos;, java.version: &apos;1.8.0_151&apos;&#10;Driver info: org.openqa.selenium.firefox.FirefoxDriver&#10;Capabilities {acceptInsecureCerts: true, browserName: firefox, browserVersion: 60.0.2, javascriptEnabled: true, moz:accessibilityChecks: false, moz:headless: false, moz:processID: 87108, moz:profile: /var/folders/9t/jp1lycb932s..., moz:useNonSpecCompliantPointerOrigin: false, moz:webdriverClick: true, pageLoadStrategy: normal, platform: MAC, platformName: MAC, platformVersion: 17.6.0, rotatable: false, timeouts: {implicit: 0, pageLoad: 300000, script: 30000}}&#10;Session ID: 1c65ec85-a0e5-e244-9615-32b5359385b8" type="org.openqa.selenium.ElementClickInterceptedException"><![CDATA[org.openqa.selenium.ElementClickInterceptedException: 
Element <select id="exampleSelect1" class="form-control m-input ng-untouched ng-pristine ng-invalid" name=""> is not clickable at point (1073.8583374023438,339.25) because another element <div class="blockUI blockOverlay"> obscures it
Build info: version: '3.11.0', revision: 'e59cfb3', time: '2018-03-11T20:26:55.152Z'
System info: host: 'Shashanks-MacBook-Pro.local', ip: 'fe80:0:0:0:830:ecb7:c3d2:6d19%en0', os.name: 'Mac OS X', os.arch: 'x86_64', os.version: '10.13.5', java.version: '1.8.0_151'
Driver info: org.openqa.selenium.firefox.FirefoxDriver
Capabilities {acceptInsecureCerts: true, browserName: firefox, browserVersion: 60.0.2, javascriptEnabled: true, moz:accessibilityChecks: false, moz:headless: false, moz:processID: 87108, moz:profile: /var/folders/9t/jp1lycb932s..., moz:useNonSpecCompliantPointerOrigin: false, moz:webdriverClick: true, pageLoadStrategy: normal, platform: MAC, platformName: MAC, platformVersion: 17.6.0, rotatable: false, timeouts: {implicit: 0, pageLoad: 300000, script: 30000}}
Session ID: 1c65ec85-a0e5-e244-9615-32b5359385b8
	at com.nsdc.regressionTest.TrainingPartnerProfileSC_02.governmentTpRegistrationTC_01(TrainingPartnerProfileSC_02.java:60)
]]></failure>
    <system-err><![CDATA[*** UTM:SVC TimerManager:registerTimer called after profile-before-change notification. Ignoring timer registration for id: telemetry_modules_ping
1528881589542	geckodriver::marionette	ERROR	Failed to stop browser process
1528881589734	geckodriver	INFO	geckodriver 0.20.0
1528881589741	geckodriver	INFO	Listening on 127.0.0.1:4975
1528881589757	mozrunner::runner	INFO	Running command: "/Applications/Firefox.app/Contents/MacOS/firefox-bin" "-marionette" "-profile" "/var/folders/9t/jp1lycb932sbxglddf8qvbg80000gn/T/rust_mozprofile.UIm6TUTCvxpM"
2018-06-13 14:49:51.402 plugin-container[87110:248812] *** CFMessagePort: bootstrap_register(): failed 1100 (0x44c) 'Permission denied', port = 0x772f, name = 'com.apple.tsm.portname'
See /usr/include/servers/bootstrap_defs.h for the error codes.
2018-06-13 14:49:52.087 plugin-container[87112:248876] *** CFMessagePort: bootstrap_register(): failed 1100 (0x44c) 'Permission denied', port = 0x723b, name = 'com.apple.tsm.portname'
See /usr/include/servers/bootstrap_defs.h for the error codes.
1528881592471	Marionette	INFO	Listening on port 53114
1528881592525	Marionette	WARN	TLS certificate errors will be ignored for this session
Jun 13, 2018 2:49:52 PM org.openqa.selenium.remote.ProtocolHandshake createSession
INFO: Detected dialect: W3C
JavaScript warning: http://13.232.9.250/assets/demo/demo5/base/scripts.bundle.js, line 4787: unreachable code after return statement
Jun 13, 2018 2:49:58 PM com.mongodb.diagnostics.logging.JULLogger log
INFO: Cluster created with settings {hosts=[13.232.9.250:27017], mode=SINGLE, requiredClusterType=UNKNOWN, serverSelectionTimeout='30000 ms', maxWaitQueueSize=500}
Jun 13, 2018 2:49:58 PM com.mongodb.diagnostics.logging.JULLogger log
INFO: Cluster description not yet available. Waiting for 30000 ms before timing out
Jun 13, 2018 2:49:59 PM com.mongodb.diagnostics.logging.JULLogger log
INFO: Opened connection [connectionId{localValue:5, serverValue:682}] to 13.232.9.250:27017
Jun 13, 2018 2:49:59 PM com.mongodb.diagnostics.logging.JULLogger log
INFO: Monitor thread successfully connected to server with description ServerDescription{address=13.232.9.250:27017, type=STANDALONE, state=CONNECTED, ok=true, version=ServerVersion{versionList=[3, 6, 3]}, minWireVersion=0, maxWireVersion=6, maxDocumentSize=16777216, logicalSessionTimeoutMinutes=30, roundTripTimeNanos=21065271}
Jun 13, 2018 2:49:59 PM com.mongodb.diagnostics.logging.JULLogger log
INFO: Opened connection [connectionId{localValue:6, serverValue:683}] to 13.232.9.250:27017
Jun 13, 2018 2:49:59 PM com.mongodb.diagnostics.logging.JULLogger log
INFO: Cluster created with settings {hosts=[13.232.9.250:27017], mode=SINGLE, requiredClusterType=UNKNOWN, serverSelectionTimeout='30000 ms', maxWaitQueueSize=500}
Jun 13, 2018 2:49:59 PM com.mongodb.diagnostics.logging.JULLogger log
INFO: Cluster description not yet available. Waiting for 30000 ms before timing out
Jun 13, 2018 2:49:59 PM com.mongodb.diagnostics.logging.JULLogger log
INFO: Opened connection [connectionId{localValue:7, serverValue:684}] to 13.232.9.250:27017
Jun 13, 2018 2:49:59 PM com.mongodb.diagnostics.logging.JULLogger log
INFO: Monitor thread successfully connected to server with description ServerDescription{address=13.232.9.250:27017, type=STANDALONE, state=CONNECTED, ok=true, version=ServerVersion{versionList=[3, 6, 3]}, minWireVersion=0, maxWireVersion=6, maxDocumentSize=16777216, logicalSessionTimeoutMinutes=30, roundTripTimeNanos=20433436}
Jun 13, 2018 2:49:59 PM com.mongodb.diagnostics.logging.JULLogger log
INFO: Opened connection [connectionId{localValue:8, serverValue:685}] to 13.232.9.250:27017
JavaScript error: resource://gre/modules/AutoCompletePopup.jsm, line 161: TypeError: Services.focus.focusedWindow is null
JavaScript error: resource://gre/modules/AutoCompletePopup.jsm, line 161: TypeError: Services.focus.focusedWindow is null
JavaScript error: resource://gre/modules/AutoCompletePopup.jsm, line 161: TypeError: Services.focus.focusedWindow is null
JavaScript error: resource://gre/modules/AutoCompletePopup.jsm, line 161: TypeError: Services.focus.focusedWindow is null
]]></system-err>
  </testcase>
  <testcase name="userRegistrationValidationsTC_01" classname="com.nsdc.componentTest.UserRegistrationValidationsSC_01" time="18.529"/>
</testsuite>